# JRE version: Java(TM) SE Runtime Environment (8.0_211-b12) (build 1.8.0_211-b12)
# Java VM: Java HotSpot(TM) 64-Bit Server VM (25.211-b12 mixed mode windows-amd64 compressed oops)
Heap:
 PSYoungGen      total 630784K, used 198563K [0x0000000715a00000, 0x0000000743600000, 0x00000007c0000000)
  eden space 526336K, 36% used [0x0000000715a00000,0x0000000721588cc0,0x0000000735c00000)
  from space 104448K, 6% used [0x000000073d000000,0x000000073d660000,0x0000000743600000)
  to   space 111616K, 0% used [0x0000000735c00000,0x0000000735c00000,0x000000073c900000)
 ParOldGen       total 368640K, used 189342K [0x00000005c0e00000, 0x00000005d7600000, 0x0000000715a00000)
  object space 368640K, 51% used [0x00000005c0e00000,0x00000005cc6e7850,0x00000005d7600000)
 Metaspace       used 5277K, capacity 5470K, committed 5504K, reserved 1056768K
  class space    used 575K, capacity 634K, committed 640K, reserved 1048576K
GC Heap History (10 events):
Event: 63.311 GC heap before
{Heap before GC invocations=21 (full 0):
 PSYoungGen      total 630784K, used 534974K [0x0000000715a00000, 0x0000000743600000, 0x00000007c0000000)
  eden space 526336K, 100% used [0x0000000715a00000,0x0000000735c00000,0x0000000735c00000)
  from space 104448K, 8% used [0x000000073d000000,0x000000073d86f8f8,0x0000000743600000)
  to   space 111616K, 0% used [0x0000000735c00000,0x0000000735c00000,0x000000073c900000)
 ParOldGen       total 349696K, used 287911K [0x00000005c0e00000, 0x00000005d6380000, 0x0000000715a00000)
  object space 349696K, 82% used [0x00000005c0e00000,0x00000005d2729f90,0x00000005d6380000)
 Metaspace       used 4356K, capacity 4746K, committed 4864K, reserved 1056768K
  class space    used 467K, capacity 498K, committed 512K, reserved 1048576K
Event: 63.324 GC heap after
Heap after GC invocations=21 (full 0):
 PSYoungGen      total 637952K, used 6592K [0x0000000715a00000, 0x0000000743600000, 0x00000007c0000000)
  eden space 526336K, 0% used [0x0000000715a00000,0x0000000715a00000,0x0000000735c00000)
  from space 111616K, 5% used [0x0000000735c00000,0x0000000736270000,0x000000073c900000)
  to   space 104448K, 0% used [0x000000073d000000,0x000000073d000000,0x0000000743600000)
 ParOldGen       total 349696K, used 296438K [0x00000005c0e00000, 0x00000005d6380000, 0x0000000715a00000)
  object space 349696K, 84% used [0x00000005c0e00000,0x00000005d2f7d888,0x00000005d6380000)
 Metaspace       used 4356K, capacity 4746K, committed 4864K, reserved 1056768K
  class space    used 467K, capacity 498K, committed 512K, reserved 1048576K
}
Event: 63.470 GC heap before
{Heap before GC invocations=22 (full 0):
 PSYoungGen      total 637952K, used 532928K [0x0000000715a00000, 0x0000000743600000, 0x00000007c0000000)
  eden space 526336K, 100% used [0x0000000715a00000,0x0000000735c00000,0x0000000735c00000)
  from space 111616K, 5% used [0x0000000735c00000,0x0000000736270000,0x000000073c900000)
  to   space 104448K, 0% used [0x000000073d000000,0x000000073d000000,0x0000000743600000)
 ParOldGen       total 349696K, used 296438K [0x00000005c0e00000, 0x00000005d6380000, 0x0000000715a00000)
  object space 349696K, 84% used [0x00000005c0e00000,0x00000005d2f7d888,0x00000005d6380000)
 Metaspace       used 4356K, capacity 4746K, committed 4864K, reserved 1056768K
  class space    used 467K, capacity 498K, committed 512K, reserved 1048576K
Event: 63.488 GC heap after
Heap after GC invocations=22 (full 0):
 PSYoungGen      total 630784K, used 6528K [0x0000000715a00000, 0x0000000743600000, 0x00000007c0000000)
  eden space 526336K, 0% used [0x0000000715a00000,0x0000000715a00000,0x0000000735c00000)
  from space 104448K, 6% used [0x000000073d000000,0x000000073d660000,0x0000000743600000)
  to   space 111616K, 0% used [0x0000000735c00000,0x0000000735c00000,0x000000073c900000)
 ParOldGen       total 349696K, used 302894K [0x00000005c0e00000, 0x00000005d6380000, 0x0000000715a00000)
  object space 349696K, 86% used [0x00000005c0e00000,0x00000005d35cb888,0x00000005d6380000)
 Metaspace       used 4356K, capacity 4746K, committed 4864K, reserved 1056768K
  class space    used 467K, capacity 498K, committed 512K, reserved 1048576K
}
Event: 63.488 GC heap before
{Heap before GC invocations=23 (full 1):
 PSYoungGen      total 630784K, used 6528K [0x0000000715a00000, 0x0000000743600000, 0x00000007c0000000)
  eden space 526336K, 0% used [0x0000000715a00000,0x0000000715a00000,0x0000000735c00000)
  from space 104448K, 6% used [0x000000073d000000,0x000000073d660000,0x0000000743600000)
  to   space 111616K, 0% used [0x0000000735c00000,0x0000000735c00000,0x000000073c900000)
 ParOldGen       total 349696K, used 302894K [0x00000005c0e00000, 0x00000005d6380000, 0x0000000715a00000)
  object space 349696K, 86% used [0x00000005c0e00000,0x00000005d35cb888,0x00000005d6380000)
 Metaspace       used 4356K, capacity 4746K, committed 4864K, reserved 1056768K
  class space    used 467K, capacity 498K, committed 512K, reserved 1048576K
Event: 63.874 GC heap after
Heap after GC invocations=23 (full 1):
 PSYoungGen      total 630784K, used 0K [0x0000000715a00000, 0x0000000743600000, 0x00000007c0000000)
  eden space 526336K, 0% used [0x0000000715a00000,0x0000000715a00000,0x0000000735c00000)
  from space 104448K, 0% used [0x000000073d000000,0x000000073d000000,0x0000000743600000)
  to   space 111616K, 0% used [0x0000000735c00000,0x0000000735c00000,0x000000073c900000)
 ParOldGen       total 368640K, used 179896K [0x00000005c0e00000, 0x00000005d7600000, 0x0000000715a00000)
  object space 368640K, 48% used [0x00000005c0e00000,0x00000005cbdae2e8,0x00000005d7600000)
 Metaspace       used 4356K, capacity 4746K, committed 4864K, reserved 1056768K
  class space    used 467K, capacity 498K, committed 512K, reserved 1048576K
}
Event: 64.024 GC heap before
{Heap before GC invocations=24 (full 1):
 PSYoungGen      total 630784K, used 526336K [0x0000000715a00000, 0x0000000743600000, 0x00000007c0000000)
  eden space 526336K, 100% used [0x0000000715a00000,0x0000000735c00000,0x0000000735c00000)
  from space 104448K, 0% used [0x000000073d000000,0x000000073d000000,0x0000000743600000)
  to   space 111616K, 0% used [0x0000000735c00000,0x0000000735c00000,0x000000073c900000)
 ParOldGen       total 368640K, used 179896K [0x00000005c0e00000, 0x00000005d7600000, 0x0000000715a00000)
  object space 368640K, 48% used [0x00000005c0e00000,0x00000005cbdae2e8,0x00000005d7600000)
 Metaspace       used 4356K, capacity 4746K, committed 4864K, reserved 1056768K
  class space    used 467K, capacity 498K, committed 512K, reserved 1048576K
Event: 64.213 GC heap after
Heap after GC invocations=24 (full 1):
 PSYoungGen      total 637952K, used 9565K [0x0000000715a00000, 0x0000000743600000, 0x00000007c0000000)
  eden space 526336K, 0% used [0x0000000715a00000,0x0000000715a00000,0x0000000735c00000)
  from space 111616K, 8% used [0x0000000735c00000,0x0000000736557568,0x000000073c900000)
  to   space 104448K, 0% used [0x000000073d000000,0x000000073d000000,0x0000000743600000)
 ParOldGen       total 368640K, used 179896K [0x00000005c0e00000, 0x00000005d7600000, 0x0000000715a00000)
  object space 368640K, 48% used [0x00000005c0e00000,0x00000005cbdae2e8,0x00000005d7600000)
 Metaspace       used 4356K, capacity 4746K, committed 4864K, reserved 1056768K
  class space    used 467K, capacity 498K, committed 512K, reserved 1048576K
}
Event: 64.372 GC heap before
{Heap before GC invocations=25 (full 1):
 PSYoungGen      total 637952K, used 535901K [0x0000000715a00000, 0x0000000743600000, 0x00000007c0000000)
  eden space 526336K, 100% used [0x0000000715a00000,0x0000000735c00000,0x0000000735c00000)
  from space 111616K, 8% used [0x0000000735c00000,0x0000000736557568,0x000000073c900000)
  to   space 104448K, 0% used [0x000000073d000000,0x000000073d000000,0x0000000743600000)
 ParOldGen       total 368640K, used 179896K [0x00000005c0e00000, 0x00000005d7600000, 0x0000000715a00000)
  object space 368640K, 48% used [0x00000005c0e00000,0x00000005cbdae2e8,0x00000005d7600000)
 Metaspace       used 4356K, capacity 4746K, committed 4864K, reserved 1056768K
  class space    used 467K, capacity 498K, committed 512K, reserved 1048576K
Event: 64.382 GC heap after
Heap after GC invocations=25 (full 1):
 PSYoungGen      total 630784K, used 6528K [0x0000000715a00000, 0x0000000743600000, 0x00000007c0000000)
  eden space 526336K, 0% used [0x0000000715a00000,0x0000000715a00000,0x0000000735c00000)
  from space 104448K, 6% used [0x000000073d000000,0x000000073d660000,0x0000000743600000)
  to   space 111616K, 0% used [0x0000000735c00000,0x0000000735c00000,0x000000073c900000)
 ParOldGen       total 368640K, used 189342K [0x00000005c0e00000, 0x00000005d7600000, 0x0000000715a00000)
  object space 368640K, 51% used [0x00000005c0e00000,0x00000005cc6e7850,0x00000005d7600000)
 Metaspace       used 4356K, capacity 4746K, committed 4864K, reserved 1056768K
  class space    used 467K, capacity 498K, committed 512K, reserved 1048576K
}

